[19324:13196:0520/103124.947:WARNING:chrome_main_delegate.cc(745)] This is Chrome version 128.0.6613.138 (not a warning)
[19324:13196:0520/103125.091:WARNING:account_consistency_mode_manager.cc(77)] Desktop Identity Consistency cannot be enabled as no OAuth client ID and client secret have been configured.
[7456:5516:0520/103132.404:WARNING:frame_impl.cc(430)] virtual CefFrameImpl::SendProcessMessage sent to detached frame 5-8381D8282C071E1C982873B79DBD81C0 will be ignored
[19324:12420:0520/103133.227:ERROR:cast_crl.cc(443)] CRL - Verification failed.
[19324:12420:0520/103133.310:ERROR:cast_crl.cc(443)] CRL - Verification failed.
[19324:12420:0520/103133.312:ERROR:cast_crl.cc(443)] CRL - Verification failed.
[19324:12420:0520/103133.569:ERROR:cast_crl.cc(443)] CRL - Verification failed.
[1336:17436:0520/103133.951:WARNING:frame_impl.cc(430)] virtual CefFrameImpl::SendProcessMessage sent to detached frame 6-3E340C3BFE03ABA6C288170B73E854DA will be ignored
[11484:5744:0520/112817.036:VERBOSE1:video_capture_oracle.cc(91)] Capture size auto-throttling is now enabled.
[11484:5744:0520/112817.036:VERBOSE1:video_capture_oracle.cc(120)] Capture size auto-throttling is now disabled.
[11484:5744:0520/112817.036:VERBOSE1:capture_resolution_chooser.cc(205)] Recomputed snapped frame sizes: 2x2
[11484:5744:0520/112817.036:VERBOSE1:capture_resolution_chooser.cc(157)] Recomputed capture size from 640x360 to 2x2 (100% of ideal size)
[11484:5744:0520/112817.235:VERBOSE1:capture_resolution_chooser.cc(205)] Recomputed snapped frame sizes: 2x2
[11484:5744:0520/112817.336:VERBOSE1:capture_resolution_chooser.cc(205)] Recomputed snapped frame sizes: 1509x860
[11484:5744:0520/112817.336:VERBOSE1:capture_resolution_chooser.cc(157)] Recomputed capture size from 2x2 to 1509x860 (100% of ideal size)
[11484:5744:0520/112817.336:VERBOSE1:capture_resolution_chooser.cc(205)] Recomputed snapped frame sizes: 1509x860
[11484:5744:0520/112818.486:VERBOSE1:video_capture_oracle.cc(91)] Capture size auto-throttling is now enabled.
[11484:5744:0520/112818.486:VERBOSE1:video_capture_oracle.cc(120)] Capture size auto-throttling is now disabled.
[11484:5744:0520/112818.486:VERBOSE1:capture_resolution_chooser.cc(205)] Recomputed snapped frame sizes: 1509x860
[4016:14268:0520/112818.486:WARNING:frame_impl.cc(430)] virtual CefFrameImpl::SendProcessMessage sent to detached frame 9-20B407EF73A2EA60DDF53D12A845EACF will be ignored
[11484:5744:0520/112818.486:VERBOSE1:capture_resolution_chooser.cc(157)] Recomputed capture size from 640x360 to 1509x860 (100% of ideal size)
[11484:5744:0520/112933.073:VERBOSE1:video_capture_oracle.cc(91)] Capture size auto-throttling is now enabled.
[11484:5744:0520/112933.074:VERBOSE1:video_capture_oracle.cc(120)] Capture size auto-throttling is now disabled.
[11484:5744:0520/112933.074:VERBOSE1:capture_resolution_chooser.cc(205)] Recomputed snapped frame sizes: 2x2
[11484:5744:0520/112933.074:VERBOSE1:capture_resolution_chooser.cc(157)] Recomputed capture size from 640x360 to 2x2 (100% of ideal size)
[11484:5744:0520/112933.206:VERBOSE1:capture_resolution_chooser.cc(205)] Recomputed snapped frame sizes: 2x2
[11484:5744:0520/112933.313:VERBOSE1:capture_resolution_chooser.cc(205)] Recomputed snapped frame sizes: 1512x863
[11484:5744:0520/112933.313:VERBOSE1:capture_resolution_chooser.cc(157)] Recomputed capture size from 2x2 to 1512x863 (100% of ideal size)
[11484:5744:0520/112933.313:VERBOSE1:capture_resolution_chooser.cc(205)] Recomputed snapped frame sizes: 1512x863
[11484:5744:0520/112935.145:VERBOSE1:video_capture_oracle.cc(91)] Capture size auto-throttling is now enabled.
[11484:5744:0520/112935.145:VERBOSE1:video_capture_oracle.cc(120)] Capture size auto-throttling is now disabled.
[11484:5744:0520/112935.145:VERBOSE1:capture_resolution_chooser.cc(205)] Recomputed snapped frame sizes: 1512x863
[11484:5744:0520/112935.146:VERBOSE1:capture_resolution_chooser.cc(157)] Recomputed capture size from 640x360 to 1512x863 (100% of ideal size)
[22084:8468:0520/112935.146:WARNING:frame_impl.cc(430)] virtual CefFrameImpl::SendProcessMessage sent to detached frame E-C17125CE66CA1CC6AB0F48F9A2ECE423 will be ignored
[11484:5744:0520/112935.713:VERBOSE1:capture_resolution_chooser.cc(205)] Recomputed snapped frame sizes: 1512x863
[11484:5744:0520/112936.884:VERBOSE1:video_capture_oracle.cc(250)] Client rejects proposal to capture frame (at #24).
[11484:5744:0520/112951.548:VERBOSE1:video_capture_oracle.cc(250)] Client rejects proposal to capture frame (at #223).
[11484:5744:0520/112951.601:VERBOSE1:video_capture_oracle.cc(250)] Client rejects proposal to capture frame (at #225).
[11484:5744:0520/112951.617:VERBOSE1:video_capture_oracle.cc(250)] Client rejects proposal to capture frame (at #225).
[11484:5744:0520/112955.612:VERBOSE1:video_capture_oracle.cc(250)] Client rejects proposal to capture frame (at #292).
[11484:5744:0520/112955.629:VERBOSE1:video_capture_oracle.cc(250)] Client rejects proposal to capture frame (at #292).
[11484:5744:0520/112955.696:VERBOSE1:video_capture_oracle.cc(250)] Client rejects proposal to capture frame (at #295).
[11484:5744:0520/112955.762:VERBOSE1:video_capture_oracle.cc(250)] Client rejects proposal to capture frame (at #298).
[11484:5744:0520/112955.779:VERBOSE1:video_capture_oracle.cc(250)] Client rejects proposal to capture frame (at #298).
[11484:5744:0520/112955.846:VERBOSE1:video_capture_oracle.cc(250)] Client rejects proposal to capture frame (at #301).
[11484:5744:0520/112955.913:VERBOSE1:video_capture_oracle.cc(250)] Client rejects proposal to capture frame (at #304).
[11484:5744:0520/112955.979:VERBOSE1:video_capture_oracle.cc(250)] Client rejects proposal to capture frame (at #307).
[11484:5744:0520/113003.363:VERBOSE1:video_capture_oracle.cc(250)] Client rejects proposal to capture frame (at #432).
[11484:5744:0520/113038.963:VERBOSE1:video_capture_oracle.cc(250)] Client rejects proposal to capture frame (at #799).
[11484:5744:0520/113038.981:VERBOSE1:video_capture_oracle.cc(250)] Client rejects proposal to capture frame (at #799).
[11484:5744:0520/113039.028:VERBOSE1:video_capture_oracle.cc(250)] Client rejects proposal to capture frame (at #801).
[11484:5744:0520/113039.049:VERBOSE1:video_capture_oracle.cc(250)] Client rejects proposal to capture frame (at #801).
[11484:16988:0520/113039.475:WARNING:angle_platform_impl.cc(49)] HLSLCompiler.cpp:250 (rx::HLSLCompiler::compileToBinary): 
C:\fakepath(103,1-6): warning X4000: use of potentially uninitialized variable (dyn_index_vec4_float4_int)

[11484:6148:0520/113039.608:WARNING:angle_platform_impl.cc(49)] HLSLCompiler.cpp:250 (rx::HLSLCompiler::compileToBinary): 
C:\fakepath(136,1): warning X4000: use of potentially uninitialized variable (f_i_int_int_int2)
C:\fakepath(138,1): warning X4000: use of potentially uninitialized variable (f_i_int_int_int2)
C:\fakepath(174,1): warning X4000: use of potentially uninitialized variable (f_u_int_int_int)

[11484:432:0520/113039.801:WARNING:angle_platform_impl.cc(49)] HLSLCompiler.cpp:250 (rx::HLSLCompiler::compileToBinary): 
C:\fakepath(166,1): warning X4000: use of potentially uninitialized variable (f_renderMipMapLevel_int)

[11484:23312:0520/113040.016:ERROR:gl_utils.cc(415)] [.WebGL-0000049000379B00] GL_INVALID_OPERATION: Two textures of different types use the same sampler location.
[11484:23312:0520/113040.030:ERROR:gl_utils.cc(415)] [.WebGL-0000049000379B00] GL_INVALID_OPERATION: Two textures of different types use the same sampler location.
[11484:5744:0520/113040.427:VERBOSE1:video_capture_oracle.cc(250)] Client rejects proposal to capture frame (at #861).
[11484:5744:0520/113040.444:VERBOSE1:video_capture_oracle.cc(250)] Client rejects proposal to capture frame (at #861).
[11484:5744:0520/113040.511:VERBOSE1:video_capture_oracle.cc(250)] Client rejects proposal to capture frame (at #864).
[11484:5744:0520/113040.527:VERBOSE1:video_capture_oracle.cc(250)] Client rejects proposal to capture frame (at #864).
[11484:5744:0520/113040.543:VERBOSE1:video_capture_oracle.cc(250)] Client rejects proposal to capture frame (at #864).
[11484:5744:0520/113040.561:VERBOSE1:video_capture_oracle.cc(250)] Client rejects proposal to capture frame (at #864).
[11484:5744:0520/113040.578:VERBOSE1:video_capture_oracle.cc(250)] Client rejects proposal to capture frame (at #864).
[11484:5744:0520/113040.594:VERBOSE1:video_capture_oracle.cc(250)] Client rejects proposal to capture frame (at #864).
[11484:5744:0520/113040.610:VERBOSE1:video_capture_oracle.cc(250)] Client rejects proposal to capture frame (at #864).
[11484:5744:0520/113040.627:VERBOSE1:video_capture_oracle.cc(250)] Client rejects proposal to capture frame (at #864).
[11484:5744:0520/113040.644:VERBOSE1:video_capture_oracle.cc(250)] Client rejects proposal to capture frame (at #864).
[11484:5744:0520/113040.661:VERBOSE1:video_capture_oracle.cc(250)] Client rejects proposal to capture frame (at #864).
[11484:5744:0520/113040.678:VERBOSE1:video_capture_oracle.cc(250)] Client rejects proposal to capture frame (at #864).
[11484:5744:0520/113040.693:VERBOSE1:video_capture_oracle.cc(250)] Client rejects proposal to capture frame (at #864).
[11484:5744:0520/113040.710:VERBOSE1:video_capture_oracle.cc(250)] Client rejects proposal to capture frame (at #864).
[11484:5744:0520/113040.729:VERBOSE1:video_capture_oracle.cc(250)] Client rejects proposal to capture frame (at #864).
[11484:5744:0520/113040.744:VERBOSE1:video_capture_oracle.cc(250)] Client rejects proposal to capture frame (at #864).
[11484:5744:0520/113040.761:VERBOSE1:video_capture_oracle.cc(250)] Client rejects proposal to capture frame (at #864).
[11484:5744:0520/113040.777:VERBOSE1:video_capture_oracle.cc(250)] Client rejects proposal to capture frame (at #864).
[11484:5744:0520/113040.794:VERBOSE1:video_capture_oracle.cc(250)] Client rejects proposal to capture frame (at #864).
[11484:5744:0520/113040.811:VERBOSE1:video_capture_oracle.cc(250)] Client rejects proposal to capture frame (at #864).
[11484:5744:0520/113040.827:VERBOSE1:video_capture_oracle.cc(250)] Client rejects proposal to capture frame (at #864).
[11484:5744:0520/113040.844:VERBOSE1:video_capture_oracle.cc(250)] Client rejects proposal to capture frame (at #864).
[11484:5744:0520/113040.861:VERBOSE1:video_capture_oracle.cc(250)] Client rejects proposal to capture frame (at #864).
[11484:5744:0520/113040.878:VERBOSE1:video_capture_oracle.cc(250)] Client rejects proposal to capture frame (at #864).
[11484:5744:0520/113040.894:VERBOSE1:video_capture_oracle.cc(250)] Client rejects proposal to capture frame (at #864).
[11484:5744:0520/113040.910:VERBOSE1:video_capture_oracle.cc(250)] Client rejects proposal to capture frame (at #864).
[11484:5744:0520/113040.927:VERBOSE1:video_capture_oracle.cc(250)] Client rejects proposal to capture frame (at #864).
[11484:5744:0520/113040.943:VERBOSE1:video_capture_oracle.cc(250)] Client rejects proposal to capture frame (at #864).
[11484:5744:0520/113040.961:VERBOSE1:video_capture_oracle.cc(250)] Client rejects proposal to capture frame (at #864).
[11484:5744:0520/113040.977:VERBOSE1:video_capture_oracle.cc(250)] Client rejects proposal to capture frame (at #864).
[11484:5744:0520/113040.994:VERBOSE1:video_capture_oracle.cc(250)] Client rejects proposal to capture frame (at #864).
[11484:5744:0520/113041.011:VERBOSE1:video_capture_oracle.cc(250)] Client rejects proposal to capture frame (at #864).
[11484:5744:0520/113041.027:VERBOSE1:video_capture_oracle.cc(250)] Client rejects proposal to capture frame (at #864).
[11484:5744:0520/113041.044:VERBOSE1:video_capture_oracle.cc(250)] Client rejects proposal to capture frame (at #864).
[11484:5744:0520/113041.061:VERBOSE1:video_capture_oracle.cc(250)] Client rejects proposal to capture frame (at #864).
[11484:5744:0520/113041.077:VERBOSE1:video_capture_oracle.cc(250)] Client rejects proposal to capture frame (at #864).
[11484:5744:0520/113041.095:VERBOSE1:video_capture_oracle.cc(250)] Client rejects proposal to capture frame (at #864).
[11484:5744:0520/113041.178:VERBOSE1:video_capture_oracle.cc(250)] Client rejects proposal to capture frame (at #868).
[11484:5744:0520/113041.244:VERBOSE1:video_capture_oracle.cc(250)] Client rejects proposal to capture frame (at #871).
[11484:5744:0520/113041.311:VERBOSE1:video_capture_oracle.cc(250)] Client rejects proposal to capture frame (at #874).
[11484:5744:0520/113041.360:VERBOSE1:video_capture_oracle.cc(250)] Client rejects proposal to capture frame (at #876).
[11484:5744:0520/113041.377:VERBOSE1:video_capture_oracle.cc(250)] Client rejects proposal to capture frame (at #876).
[11484:5744:0520/113041.394:VERBOSE1:video_capture_oracle.cc(250)] Client rejects proposal to capture frame (at #876).
[11484:5744:0520/113041.411:VERBOSE1:video_capture_oracle.cc(250)] Client rejects proposal to capture frame (at #876).
[11484:5744:0520/113041.427:VERBOSE1:video_capture_oracle.cc(250)] Client rejects proposal to capture frame (at #876).
[11484:5744:0520/113041.443:VERBOSE1:video_capture_oracle.cc(250)] Client rejects proposal to capture frame (at #876).
[11484:5744:0520/113041.461:VERBOSE1:video_capture_oracle.cc(250)] Client rejects proposal to capture frame (at #876).
[11484:5744:0520/113041.577:VERBOSE1:video_capture_oracle.cc(250)] Client rejects proposal to capture frame (at #882).
[11484:5744:0520/113041.644:VERBOSE1:video_capture_oracle.cc(250)] Client rejects proposal to capture frame (at #885).
[11484:5744:0520/113041.710:VERBOSE1:video_capture_oracle.cc(250)] Client rejects proposal to capture frame (at #888).
[11484:5744:0520/113041.778:VERBOSE1:video_capture_oracle.cc(250)] Client rejects proposal to capture frame (at #891).
[11484:5744:0520/113041.794:VERBOSE1:video_capture_oracle.cc(250)] Client rejects proposal to capture frame (at #891).
[11484:5744:0520/113041.861:VERBOSE1:video_capture_oracle.cc(250)] Client rejects proposal to capture frame (at #894).
[11484:5744:0520/113041.877:VERBOSE1:video_capture_oracle.cc(250)] Client rejects proposal to capture frame (at #894).
[11484:5744:0520/113041.944:VERBOSE1:video_capture_oracle.cc(250)] Client rejects proposal to capture frame (at #897).
[11484:5744:0520/113041.961:VERBOSE1:video_capture_oracle.cc(250)] Client rejects proposal to capture frame (at #897).
[11484:5744:0520/113041.977:VERBOSE1:video_capture_oracle.cc(250)] Client rejects proposal to capture frame (at #897).
[11484:5744:0520/113041.993:VERBOSE1:video_capture_oracle.cc(250)] Client rejects proposal to capture frame (at #897).
[11484:5744:0520/113042.010:VERBOSE1:video_capture_oracle.cc(250)] Client rejects proposal to capture frame (at #897).
[11484:5744:0520/113042.026:VERBOSE1:video_capture_oracle.cc(250)] Client rejects proposal to capture frame (at #897).
[11484:5744:0520/113042.044:VERBOSE1:video_capture_oracle.cc(250)] Client rejects proposal to capture frame (at #897).
[11484:5744:0520/113042.061:VERBOSE1:video_capture_oracle.cc(250)] Client rejects proposal to capture frame (at #897).
[11484:5744:0520/113042.077:VERBOSE1:video_capture_oracle.cc(250)] Client rejects proposal to capture frame (at #897).
[11484:5744:0520/113042.093:VERBOSE1:video_capture_oracle.cc(250)] Client rejects proposal to capture frame (at #897).
[11484:5744:0520/113042.111:VERBOSE1:video_capture_oracle.cc(250)] Client rejects proposal to capture frame (at #897).
[11484:5744:0520/113042.127:VERBOSE1:video_capture_oracle.cc(250)] Client rejects proposal to capture frame (at #897).
[11484:5744:0520/113042.143:VERBOSE1:video_capture_oracle.cc(250)] Client rejects proposal to capture frame (at #897).
[11484:5744:0520/113042.161:VERBOSE1:video_capture_oracle.cc(250)] Client rejects proposal to capture frame (at #897).
[11484:5744:0520/113042.177:VERBOSE1:video_capture_oracle.cc(250)] Client rejects proposal to capture frame (at #897).
[11484:5744:0520/113042.194:VERBOSE1:video_capture_oracle.cc(250)] Client rejects proposal to capture frame (at #897).
[11484:5744:0520/113042.210:VERBOSE1:video_capture_oracle.cc(250)] Client rejects proposal to capture frame (at #897).
[11484:5744:0520/113042.227:VERBOSE1:video_capture_oracle.cc(250)] Client rejects proposal to capture frame (at #897).
[11484:5744:0520/113042.244:VERBOSE1:video_capture_oracle.cc(250)] Client rejects proposal to capture frame (at #897).
[11484:5744:0520/113042.261:VERBOSE1:video_capture_oracle.cc(250)] Client rejects proposal to capture frame (at #897).
[11484:5744:0520/113042.277:VERBOSE1:video_capture_oracle.cc(250)] Client rejects proposal to capture frame (at #897).
[11484:5744:0520/113042.293:VERBOSE1:video_capture_oracle.cc(250)] Client rejects proposal to capture frame (at #897).
[11484:5744:0520/113042.310:VERBOSE1:video_capture_oracle.cc(250)] Client rejects proposal to capture frame (at #897).
[11484:5744:0520/113042.327:VERBOSE1:video_capture_oracle.cc(250)] Client rejects proposal to capture frame (at #897).
[11484:5744:0520/113042.344:VERBOSE1:video_capture_oracle.cc(250)] Client rejects proposal to capture frame (at #897).
[11484:5744:0520/113042.360:VERBOSE1:video_capture_oracle.cc(250)] Client rejects proposal to capture frame (at #897).
[11484:5744:0520/113042.377:VERBOSE1:video_capture_oracle.cc(250)] Client rejects proposal to capture frame (at #897).
[11484:5744:0520/113042.394:VERBOSE1:video_capture_oracle.cc(250)] Client rejects proposal to capture frame (at #897).
[11484:5744:0520/113042.411:VERBOSE1:video_capture_oracle.cc(250)] Client rejects proposal to capture frame (at #897).
[11484:5744:0520/113042.427:VERBOSE1:video_capture_oracle.cc(165)] Content sampler now detects animation.
[11484:5744:0520/113042.427:VERBOSE1:video_capture_oracle.cc(250)] Client rejects proposal to capture frame (at #897).
[11484:5744:0520/113042.443:VERBOSE1:video_capture_oracle.cc(250)] Client rejects proposal to capture frame (at #897).
[11484:5744:0520/113042.461:VERBOSE1:video_capture_oracle.cc(250)] Client rejects proposal to capture frame (at #897).
[11484:5744:0520/113042.477:VERBOSE1:video_capture_oracle.cc(250)] Client rejects proposal to capture frame (at #897).
[11484:5744:0520/113042.494:VERBOSE1:video_capture_oracle.cc(250)] Client rejects proposal to capture frame (at #897).
[11484:5744:0520/113042.510:VERBOSE1:video_capture_oracle.cc(250)] Client rejects proposal to capture frame (at #897).
[11484:5744:0520/113042.527:VERBOSE1:video_capture_oracle.cc(250)] Client rejects proposal to capture frame (at #897).
[11484:5744:0520/113042.545:VERBOSE1:video_capture_oracle.cc(250)] Client rejects proposal to capture frame (at #897).
[11484:5744:0520/113042.561:VERBOSE1:video_capture_oracle.cc(250)] Client rejects proposal to capture frame (at #897).
[11484:5744:0520/113042.577:VERBOSE1:video_capture_oracle.cc(250)] Client rejects proposal to capture frame (at #897).
[11484:5744:0520/113042.593:VERBOSE1:video_capture_oracle.cc(250)] Client rejects proposal to capture frame (at #897).
[11484:5744:0520/113042.611:VERBOSE1:video_capture_oracle.cc(250)] Client rejects proposal to capture frame (at #897).
[11484:5744:0520/113042.627:VERBOSE1:video_capture_oracle.cc(250)] Client rejects proposal to capture frame (at #897).
[11484:5744:0520/113042.644:VERBOSE1:video_capture_oracle.cc(250)] Client rejects proposal to capture frame (at #897).
[11484:5744:0520/113042.661:VERBOSE1:video_capture_oracle.cc(250)] Client rejects proposal to capture frame (at #897).
[11484:5744:0520/113042.677:VERBOSE1:video_capture_oracle.cc(250)] Client rejects proposal to capture frame (at #897).
[11484:5744:0520/113042.694:VERBOSE1:video_capture_oracle.cc(250)] Client rejects proposal to capture frame (at #897).
[11484:5744:0520/113042.710:VERBOSE1:video_capture_oracle.cc(250)] Client rejects proposal to capture frame (at #897).
[11484:5744:0520/113042.727:VERBOSE1:video_capture_oracle.cc(250)] Client rejects proposal to capture frame (at #897).
[11484:5744:0520/113042.744:VERBOSE1:video_capture_oracle.cc(250)] Client rejects proposal to capture frame (at #897).
[11484:5744:0520/113042.761:VERBOSE1:video_capture_oracle.cc(250)] Client rejects proposal to capture frame (at #897).
[11484:5744:0520/113042.777:VERBOSE1:video_capture_oracle.cc(250)] Client rejects proposal to capture frame (at #897).
[11484:5744:0520/113042.794:VERBOSE1:video_capture_oracle.cc(250)] Client rejects proposal to capture frame (at #897).
[11484:5744:0520/113042.810:VERBOSE1:video_capture_oracle.cc(250)] Client rejects proposal to capture frame (at #897).
[11484:5744:0520/113042.827:VERBOSE1:video_capture_oracle.cc(250)] Client rejects proposal to capture frame (at #897).
[11484:5744:0520/113042.844:VERBOSE1:video_capture_oracle.cc(250)] Client rejects proposal to capture frame (at #897).
[11484:5744:0520/113042.861:VERBOSE1:video_capture_oracle.cc(250)] Client rejects proposal to capture frame (at #897).
[11484:5744:0520/113042.877:VERBOSE1:video_capture_oracle.cc(250)] Client rejects proposal to capture frame (at #897).
[11484:5744:0520/113042.893:VERBOSE1:video_capture_oracle.cc(250)] Client rejects proposal to capture frame (at #897).
[11484:5744:0520/113042.911:VERBOSE1:video_capture_oracle.cc(250)] Client rejects proposal to capture frame (at #897).
[11484:5744:0520/113042.927:VERBOSE1:video_capture_oracle.cc(250)] Client rejects proposal to capture frame (at #897).
[11484:5744:0520/113042.944:VERBOSE1:video_capture_oracle.cc(250)] Client rejects proposal to capture frame (at #897).
[11484:5744:0520/113042.960:VERBOSE1:video_capture_oracle.cc(250)] Client rejects proposal to capture frame (at #897).
[11484:5744:0520/113042.978:VERBOSE1:video_capture_oracle.cc(250)] Client rejects proposal to capture frame (at #897).
[11484:5744:0520/113042.994:VERBOSE1:video_capture_oracle.cc(250)] Client rejects proposal to capture frame (at #897).
[11484:5744:0520/113043.011:VERBOSE1:video_capture_oracle.cc(250)] Client rejects proposal to capture frame (at #897).
[11484:5744:0520/113043.027:VERBOSE1:video_capture_oracle.cc(250)] Client rejects proposal to capture frame (at #897).
[11484:5744:0520/113043.043:VERBOSE1:video_capture_oracle.cc(250)] Client rejects proposal to capture frame (at #897).
[11484:5744:0520/113043.061:VERBOSE1:video_capture_oracle.cc(250)] Client rejects proposal to capture frame (at #897).
[11484:5744:0520/113043.077:VERBOSE1:video_capture_oracle.cc(250)] Client rejects proposal to capture frame (at #897).
[11484:5744:0520/113043.094:VERBOSE1:video_capture_oracle.cc(250)] Client rejects proposal to capture frame (at #897).
[11484:5744:0520/113043.110:VERBOSE1:video_capture_oracle.cc(250)] Client rejects proposal to capture frame (at #897).
[11484:5744:0520/113043.128:VERBOSE1:video_capture_oracle.cc(250)] Client rejects proposal to capture frame (at #897).
[11484:5744:0520/113043.144:VERBOSE1:video_capture_oracle.cc(250)] Client rejects proposal to capture frame (at #897).
[11484:5744:0520/113043.161:VERBOSE1:video_capture_oracle.cc(250)] Client rejects proposal to capture frame (at #897).
[11484:5744:0520/113043.178:VERBOSE1:video_capture_oracle.cc(250)] Client rejects proposal to capture frame (at #897).
[11484:5744:0520/113043.194:VERBOSE1:video_capture_oracle.cc(250)] Client rejects proposal to capture frame (at #897).
[11484:5744:0520/113043.211:VERBOSE1:video_capture_oracle.cc(250)] Client rejects proposal to capture frame (at #897).
[11484:5744:0520/113043.227:VERBOSE1:video_capture_oracle.cc(250)] Client rejects proposal to capture frame (at #897).
[11484:5744:0520/113043.244:VERBOSE1:video_capture_oracle.cc(250)] Client rejects proposal to capture frame (at #897).
[11484:5744:0520/113043.260:VERBOSE1:video_capture_oracle.cc(250)] Client rejects proposal to capture frame (at #897).
[11484:5744:0520/113043.277:VERBOSE1:video_capture_oracle.cc(250)] Client rejects proposal to capture frame (at #897).
[11484:5744:0520/113043.294:VERBOSE1:video_capture_oracle.cc(250)] Client rejects proposal to capture frame (at #897).
[11484:5744:0520/113043.311:VERBOSE1:video_capture_oracle.cc(250)] Client rejects proposal to capture frame (at #897).
[11484:5744:0520/113043.327:VERBOSE1:video_capture_oracle.cc(250)] Client rejects proposal to capture frame (at #897).
[11484:5744:0520/113043.343:VERBOSE1:video_capture_oracle.cc(250)] Client rejects proposal to capture frame (at #897).
[11484:5744:0520/113043.361:VERBOSE1:video_capture_oracle.cc(250)] Client rejects proposal to capture frame (at #897).
[11484:5744:0520/113043.378:VERBOSE1:video_capture_oracle.cc(250)] Client rejects proposal to capture frame (at #897).
[11484:5744:0520/113043.394:VERBOSE1:video_capture_oracle.cc(250)] Client rejects proposal to capture frame (at #897).
[11484:5744:0520/113043.410:VERBOSE1:video_capture_oracle.cc(250)] Client rejects proposal to capture frame (at #897).
[11484:5744:0520/113043.427:VERBOSE1:video_capture_oracle.cc(250)] Client rejects proposal to capture frame (at #897).
[11484:5744:0520/113043.443:VERBOSE1:video_capture_oracle.cc(250)] Client rejects proposal to capture frame (at #897).
[11484:5744:0520/113043.461:VERBOSE1:video_capture_oracle.cc(250)] Client rejects proposal to capture frame (at #897).
[11484:5744:0520/113043.477:VERBOSE1:video_capture_oracle.cc(250)] Client rejects proposal to capture frame (at #897).
[11484:5744:0520/113043.494:VERBOSE1:video_capture_oracle.cc(250)] Client rejects proposal to capture frame (at #897).
[11484:5744:0520/113043.511:VERBOSE1:video_capture_oracle.cc(250)] Client rejects proposal to capture frame (at #897).
[11484:5744:0520/113043.527:VERBOSE1:video_capture_oracle.cc(250)] Client rejects proposal to capture frame (at #897).
[11484:5744:0520/113043.544:VERBOSE1:video_capture_oracle.cc(250)] Client rejects proposal to capture frame (at #897).
[11484:5744:0520/113043.560:VERBOSE1:video_capture_oracle.cc(250)] Client rejects proposal to capture frame (at #897).
[11484:5744:0520/113043.577:VERBOSE1:video_capture_oracle.cc(250)] Client rejects proposal to capture frame (at #897).
[11484:5744:0520/113043.594:VERBOSE1:video_capture_oracle.cc(250)] Client rejects proposal to capture frame (at #897).
[11484:5744:0520/113043.611:VERBOSE1:video_capture_oracle.cc(250)] Client rejects proposal to capture frame (at #897).
[11484:5744:0520/113043.627:VERBOSE1:video_capture_oracle.cc(250)] Client rejects proposal to capture frame (at #897).
[11484:5744:0520/113043.644:VERBOSE1:video_capture_oracle.cc(250)] Client rejects proposal to capture frame (at #897).
[11484:5744:0520/113043.660:VERBOSE1:video_capture_oracle.cc(250)] Client rejects proposal to capture frame (at #897).
[11484:5744:0520/113043.677:VERBOSE1:video_capture_oracle.cc(250)] Client rejects proposal to capture frame (at #897).
[11484:5744:0520/113043.694:VERBOSE1:video_capture_oracle.cc(250)] Client rejects proposal to capture frame (at #897).
[11484:5744:0520/113043.711:VERBOSE1:video_capture_oracle.cc(250)] Client rejects proposal to capture frame (at #897).
[11484:5744:0520/113043.727:VERBOSE1:video_capture_oracle.cc(250)] Client rejects proposal to capture frame (at #897).
[11484:5744:0520/113043.744:VERBOSE1:video_capture_oracle.cc(250)] Client rejects proposal to capture frame (at #897).
[11484:5744:0520/113043.761:VERBOSE1:video_capture_oracle.cc(250)] Client rejects proposal to capture frame (at #897).
[11484:5744:0520/113043.778:VERBOSE1:video_capture_oracle.cc(250)] Client rejects proposal to capture frame (at #897).
[11484:5744:0520/113043.794:VERBOSE1:video_capture_oracle.cc(250)] Client rejects proposal to capture frame (at #897).
[11484:5744:0520/113043.810:VERBOSE1:video_capture_oracle.cc(250)] Client rejects proposal to capture frame (at #897).
[11484:5744:0520/113043.827:VERBOSE1:video_capture_oracle.cc(250)] Client rejects proposal to capture frame (at #897).
[11484:5744:0520/113043.844:VERBOSE1:video_capture_oracle.cc(250)] Client rejects proposal to capture frame (at #897).
[11484:5744:0520/113043.861:VERBOSE1:video_capture_oracle.cc(250)] Client rejects proposal to capture frame (at #897).
[11484:5744:0520/113043.878:VERBOSE1:video_capture_oracle.cc(250)] Client rejects proposal to capture frame (at #897).
[11484:5744:0520/113043.894:VERBOSE1:video_capture_oracle.cc(250)] Client rejects proposal to capture frame (at #897).
[11484:5744:0520/113043.910:VERBOSE1:video_capture_oracle.cc(250)] Client rejects proposal to capture frame (at #897).
[11484:5744:0520/113043.927:VERBOSE1:video_capture_oracle.cc(250)] Client rejects proposal to capture frame (at #897).
[11484:5744:0520/113043.944:VERBOSE1:video_capture_oracle.cc(250)] Client rejects proposal to capture frame (at #897).
[11484:5744:0520/113043.961:VERBOSE1:video_capture_oracle.cc(250)] Client rejects proposal to capture frame (at #897).
[11484:5744:0520/113043.977:VERBOSE1:video_capture_oracle.cc(250)] Client rejects proposal to capture frame (at #897).
[11484:5744:0520/113043.994:VERBOSE1:video_capture_oracle.cc(250)] Client rejects proposal to capture frame (at #897).
[11484:5744:0520/113044.011:VERBOSE1:video_capture_oracle.cc(250)] Client rejects proposal to capture frame (at #897).
[11484:5744:0520/113044.027:VERBOSE1:video_capture_oracle.cc(250)] Client rejects proposal to capture frame (at #897).
[11484:5744:0520/113044.044:VERBOSE1:video_capture_oracle.cc(250)] Client rejects proposal to capture frame (at #897).
[11484:5744:0520/113044.060:VERBOSE1:video_capture_oracle.cc(250)] Client rejects proposal to capture frame (at #897).
[11484:5744:0520/113044.077:VERBOSE1:video_capture_oracle.cc(250)] Client rejects proposal to capture frame (at #897).
[11484:5744:0520/113044.094:VERBOSE1:video_capture_oracle.cc(250)] Client rejects proposal to capture frame (at #897).
[11484:5744:0520/113044.111:VERBOSE1:video_capture_oracle.cc(250)] Client rejects proposal to capture frame (at #897).
[11484:5744:0520/113044.127:VERBOSE1:video_capture_oracle.cc(250)] Client rejects proposal to capture frame (at #897).
[11484:5744:0520/113044.144:VERBOSE1:video_capture_oracle.cc(250)] Client rejects proposal to capture frame (at #897).
[11484:5744:0520/113044.160:VERBOSE1:video_capture_oracle.cc(250)] Client rejects proposal to capture frame (at #897).
[11484:5744:0520/113044.178:VERBOSE1:video_capture_oracle.cc(250)] Client rejects proposal to capture frame (at #897).
[11484:5744:0520/113044.194:VERBOSE1:video_capture_oracle.cc(250)] Client rejects proposal to capture frame (at #897).
[11484:5744:0520/113044.210:VERBOSE1:video_capture_oracle.cc(250)] Client rejects proposal to capture frame (at #897).
[11484:5744:0520/113044.227:VERBOSE1:video_capture_oracle.cc(250)] Client rejects proposal to capture frame (at #897).
[11484:5744:0520/113044.244:VERBOSE1:video_capture_oracle.cc(250)] Client rejects proposal to capture frame (at #897).
[11484:5744:0520/113044.261:VERBOSE1:video_capture_oracle.cc(250)] Client rejects proposal to capture frame (at #897).
[11484:5744:0520/113044.278:VERBOSE1:video_capture_oracle.cc(250)] Client rejects proposal to capture frame (at #897).
[11484:5744:0520/113044.294:VERBOSE1:video_capture_oracle.cc(250)] Client rejects proposal to capture frame (at #897).
[11484:5744:0520/113044.310:VERBOSE1:video_capture_oracle.cc(250)] Client rejects proposal to capture frame (at #897).
[11484:5744:0520/113044.327:VERBOSE1:video_capture_oracle.cc(250)] Client rejects proposal to capture frame (at #897).
[11484:5744:0520/113044.343:VERBOSE1:video_capture_oracle.cc(250)] Client rejects proposal to capture frame (at #897).
[11484:5744:0520/113044.361:VERBOSE1:video_capture_oracle.cc(250)] Client rejects proposal to capture frame (at #897).
[11484:5744:0520/113044.378:VERBOSE1:video_capture_oracle.cc(250)] Client rejects proposal to capture frame (at #897).
[11484:5744:0520/113044.394:VERBOSE1:video_capture_oracle.cc(250)] Client rejects proposal to capture frame (at #897).
[11484:5744:0520/113044.410:VERBOSE1:video_capture_oracle.cc(250)] Client rejects proposal to capture frame (at #897).
[11484:5744:0520/113044.427:VERBOSE1:video_capture_oracle.cc(250)] Client rejects proposal to capture frame (at #897).
[11484:5744:0520/113044.444:VERBOSE1:video_capture_oracle.cc(250)] Client rejects proposal to capture frame (at #897).
[11484:5744:0520/113044.460:VERBOSE1:video_capture_oracle.cc(250)] Client rejects proposal to capture frame (at #897).
[11484:5744:0520/113044.478:VERBOSE1:video_capture_oracle.cc(250)] Client rejects proposal to capture frame (at #897).
[11484:5744:0520/113044.493:VERBOSE1:video_capture_oracle.cc(250)] Client rejects proposal to capture frame (at #897).
[11484:5744:0520/113044.510:VERBOSE1:video_capture_oracle.cc(250)] Client rejects proposal to capture frame (at #897).
[11484:5744:0520/113044.527:VERBOSE1:video_capture_oracle.cc(250)] Client rejects proposal to capture frame (at #897).
[11484:5744:0520/113044.544:VERBOSE1:video_capture_oracle.cc(250)] Client rejects proposal to capture frame (at #897).
[11484:5744:0520/113044.561:VERBOSE1:video_capture_oracle.cc(250)] Client rejects proposal to capture frame (at #897).
[11484:5744:0520/113044.577:VERBOSE1:video_capture_oracle.cc(250)] Client rejects proposal to capture frame (at #897).
[11484:5744:0520/113044.594:VERBOSE1:video_capture_oracle.cc(250)] Client rejects proposal to capture frame (at #897).
[11484:5744:0520/113044.611:VERBOSE1:video_capture_oracle.cc(250)] Client rejects proposal to capture frame (at #897).
[11484:5744:0520/113044.627:VERBOSE1:video_capture_oracle.cc(250)] Client rejects proposal to capture frame (at #897).
[11484:5744:0520/113044.643:VERBOSE1:video_capture_oracle.cc(250)] Client rejects proposal to capture frame (at #897).
[11484:5744:0520/113044.943:VERBOSE1:video_capture_oracle.cc(173)] Content sampler detects animation ended.
[11484:5744:0520/113044.960:VERBOSE1:video_capture_oracle.cc(250)] Client rejects proposal to capture frame (at #900).
[11484:5744:0520/113044.976:VERBOSE1:video_capture_oracle.cc(250)] Client rejects proposal to capture frame (at #900).
[11484:5744:0520/113046.095:VERBOSE1:video_capture_oracle.cc(165)] Content sampler now detects animation.
[11484:5744:0520/113048.944:VERBOSE1:video_capture_oracle.cc(250)] Client rejects proposal to capture frame (at #1126).
[11484:5744:0520/113049.011:VERBOSE1:video_capture_oracle.cc(250)] Client rejects proposal to capture frame (at #1129).
[11484:5744:0520/113049.078:VERBOSE1:video_capture_oracle.cc(250)] Client rejects proposal to capture frame (at #1132).
[11484:5744:0520/113049.143:VERBOSE1:video_capture_oracle.cc(250)] Client rejects proposal to capture frame (at #1135).
[11484:5744:0520/113049.210:VERBOSE1:video_capture_oracle.cc(250)] Client rejects proposal to capture frame (at #1138).
[11484:5744:0520/113049.227:VERBOSE1:video_capture_oracle.cc(250)] Client rejects proposal to capture frame (at #1138).
[11484:5744:0520/113049.294:VERBOSE1:video_capture_oracle.cc(250)] Client rejects proposal to capture frame (at #1141).
[11484:5744:0520/113049.360:VERBOSE1:video_capture_oracle.cc(250)] Client rejects proposal to capture frame (at #1144).
[11484:5744:0520/113049.377:VERBOSE1:video_capture_oracle.cc(250)] Client rejects proposal to capture frame (at #1144).
[11484:5744:0520/113049.444:VERBOSE1:video_capture_oracle.cc(250)] Client rejects proposal to capture frame (at #1147).
[11484:5744:0520/113049.510:VERBOSE1:video_capture_oracle.cc(250)] Client rejects proposal to capture frame (at #1150).
[11484:5744:0520/113049.527:VERBOSE1:video_capture_oracle.cc(250)] Client rejects proposal to capture frame (at #1150).
[11484:5744:0520/113049.577:VERBOSE1:video_capture_oracle.cc(250)] Client rejects proposal to capture frame (at #1152).
[11484:5744:0520/113049.595:VERBOSE1:video_capture_oracle.cc(250)] Client rejects proposal to capture frame (at #1152).
[11484:5744:0520/113049.610:VERBOSE1:video_capture_oracle.cc(250)] Client rejects proposal to capture frame (at #1152).
[11484:5744:0520/113049.726:VERBOSE1:video_capture_oracle.cc(250)] Client rejects proposal to capture frame (at #1158).
[11484:5744:0520/113049.793:VERBOSE1:video_capture_oracle.cc(250)] Client rejects proposal to capture frame (at #1161).
[11484:5744:0520/113049.810:VERBOSE1:video_capture_oracle.cc(250)] Client rejects proposal to capture frame (at #1161).
[11484:5744:0520/113049.877:VERBOSE1:video_capture_oracle.cc(250)] Client rejects proposal to capture frame (at #1164).
[11484:5744:0520/113049.944:VERBOSE1:video_capture_oracle.cc(250)] Client rejects proposal to capture frame (at #1167).
[11484:5744:0520/113049.960:VERBOSE1:video_capture_oracle.cc(250)] Client rejects proposal to capture frame (at #1167).
[11484:5744:0520/113049.994:VERBOSE1:video_capture_oracle.cc(250)] Client rejects proposal to capture frame (at #1168).
[11484:5744:0520/113050.010:VERBOSE1:video_capture_oracle.cc(250)] Client rejects proposal to capture frame (at #1168).
[11484:5744:0520/113050.027:VERBOSE1:video_capture_oracle.cc(250)] Client rejects proposal to capture frame (at #1168).
[11484:5744:0520/113050.093:VERBOSE1:video_capture_oracle.cc(250)] Client rejects proposal to capture frame (at #1171).
[11484:5744:0520/113050.161:VERBOSE1:video_capture_oracle.cc(250)] Client rejects proposal to capture frame (at #1174).
[11484:5744:0520/113050.226:VERBOSE1:video_capture_oracle.cc(250)] Client rejects proposal to capture frame (at #1177).
[11484:5744:0520/113050.245:VERBOSE1:video_capture_oracle.cc(250)] Client rejects proposal to capture frame (at #1177).
[11484:5744:0520/113050.310:VERBOSE1:video_capture_oracle.cc(250)] Client rejects proposal to capture frame (at #1180).
[11484:5744:0520/113050.377:VERBOSE1:video_capture_oracle.cc(250)] Client rejects proposal to capture frame (at #1183).
[11484:5744:0520/113050.393:VERBOSE1:video_capture_oracle.cc(250)] Client rejects proposal to capture frame (at #1183).
[11484:5744:0520/113050.410:VERBOSE1:video_capture_oracle.cc(250)] Client rejects proposal to capture frame (at #1183).
[11484:5744:0520/113050.443:VERBOSE1:video_capture_oracle.cc(250)] Client rejects proposal to capture frame (at #1184).
[11484:5744:0520/113050.460:VERBOSE1:video_capture_oracle.cc(250)] Client rejects proposal to capture frame (at #1184).
[11484:5744:0520/113050.528:VERBOSE1:video_capture_oracle.cc(250)] Client rejects proposal to capture frame (at #1187).
[11484:5744:0520/113050.679:VERBOSE1:video_capture_oracle.cc(250)] Client rejects proposal to capture frame (at #1195).
[11484:5744:0520/113050.744:VERBOSE1:video_capture_oracle.cc(250)] Client rejects proposal to capture frame (at #1198).
[11484:5744:0520/113050.762:VERBOSE1:video_capture_oracle.cc(250)] Client rejects proposal to capture frame (at #1198).
[11484:5744:0520/113050.779:VERBOSE1:video_capture_oracle.cc(250)] Client rejects proposal to capture frame (at #1198).
[11484:5744:0520/113050.794:VERBOSE1:video_capture_oracle.cc(250)] Client rejects proposal to capture frame (at #1198).
[11484:5744:0520/113050.811:VERBOSE1:video_capture_oracle.cc(250)] Client rejects proposal to capture frame (at #1198).
[11484:5744:0520/113050.826:VERBOSE1:video_capture_oracle.cc(250)] Client rejects proposal to capture frame (at #1198).
[11484:5744:0520/113050.843:VERBOSE1:video_capture_oracle.cc(250)] Client rejects proposal to capture frame (at #1198).
[11484:5744:0520/113050.859:VERBOSE1:video_capture_oracle.cc(250)] Client rejects proposal to capture frame (at #1198).
[11484:5744:0520/113050.877:VERBOSE1:video_capture_oracle.cc(250)] Client rejects proposal to capture frame (at #1198).
[11484:5744:0520/113050.893:VERBOSE1:video_capture_oracle.cc(250)] Client rejects proposal to capture frame (at #1198).
[11484:5744:0520/113050.910:VERBOSE1:video_capture_oracle.cc(250)] Client rejects proposal to capture frame (at #1198).
[11484:5744:0520/113050.927:VERBOSE1:video_capture_oracle.cc(250)] Client rejects proposal to capture frame (at #1198).
[11484:5744:0520/113050.943:VERBOSE1:video_capture_oracle.cc(250)] Client rejects proposal to capture frame (at #1198).
[11484:5744:0520/113050.961:VERBOSE1:video_capture_oracle.cc(250)] Client rejects proposal to capture frame (at #1198).
[11484:5744:0520/113050.977:VERBOSE1:video_capture_oracle.cc(250)] Client rejects proposal to capture frame (at #1198).
[11484:5744:0520/113051.010:VERBOSE1:video_capture_oracle.cc(250)] Client rejects proposal to capture frame (at #1199).
[11484:5744:0520/113051.027:VERBOSE1:video_capture_oracle.cc(250)] Client rejects proposal to capture frame (at #1199).
[11484:5744:0520/113051.044:VERBOSE1:video_capture_oracle.cc(250)] Client rejects proposal to capture frame (at #1199).
[11484:5744:0520/113051.061:VERBOSE1:video_capture_oracle.cc(250)] Client rejects proposal to capture frame (at #1199).
[11484:5744:0520/113051.077:VERBOSE1:video_capture_oracle.cc(250)] Client rejects proposal to capture frame (at #1199).
[11484:5744:0520/113051.093:VERBOSE1:video_capture_oracle.cc(250)] Client rejects proposal to capture frame (at #1199).
[11484:5744:0520/113051.111:VERBOSE1:video_capture_oracle.cc(250)] Client rejects proposal to capture frame (at #1199).
[11484:5744:0520/113051.127:VERBOSE1:video_capture_oracle.cc(250)] Client rejects proposal to capture frame (at #1199).
[11484:5744:0520/113051.144:VERBOSE1:video_capture_oracle.cc(250)] Client rejects proposal to capture frame (at #1199).
[11484:5744:0520/113051.161:VERBOSE1:video_capture_oracle.cc(250)] Client rejects proposal to capture frame (at #1199).
[11484:5744:0520/113051.177:VERBOSE1:video_capture_oracle.cc(250)] Client rejects proposal to capture frame (at #1199).
[11484:5744:0520/113051.194:VERBOSE1:video_capture_oracle.cc(250)] Client rejects proposal to capture frame (at #1199).
[11484:5744:0520/113051.212:VERBOSE1:video_capture_oracle.cc(250)] Client rejects proposal to capture frame (at #1199).
[11484:5744:0520/113051.227:VERBOSE1:video_capture_oracle.cc(250)] Client rejects proposal to capture frame (at #1199).
[11484:5744:0520/113051.311:VERBOSE1:video_capture_oracle.cc(250)] Client rejects proposal to capture frame (at #1203).
[11484:5744:0520/113051.327:VERBOSE1:video_capture_oracle.cc(250)] Client rejects proposal to capture frame (at #1203).
[11484:5744:0520/113051.343:VERBOSE1:video_capture_oracle.cc(250)] Client rejects proposal to capture frame (at #1203).
[11484:5744:0520/113051.394:VERBOSE1:video_capture_oracle.cc(250)] Client rejects proposal to capture frame (at #1205).
[11484:5744:0520/113051.411:VERBOSE1:video_capture_oracle.cc(250)] Client rejects proposal to capture frame (at #1205).
[11484:5744:0520/113051.427:VERBOSE1:video_capture_oracle.cc(250)] Client rejects proposal to capture frame (at #1205).
[11484:5744:0520/113051.460:VERBOSE1:video_capture_oracle.cc(250)] Client rejects proposal to capture frame (at #1206).
[11484:5744:0520/113051.477:VERBOSE1:video_capture_oracle.cc(250)] Client rejects proposal to capture frame (at #1206).
[11484:5744:0520/113051.528:VERBOSE1:video_capture_oracle.cc(250)] Client rejects proposal to capture frame (at #1208).
[11484:5744:0520/113051.545:VERBOSE1:video_capture_oracle.cc(250)] Client rejects proposal to capture frame (at #1208).
[11484:5744:0520/113051.561:VERBOSE1:video_capture_oracle.cc(250)] Client rejects proposal to capture frame (at #1208).
[11484:5744:0520/113051.627:VERBOSE1:video_capture_oracle.cc(250)] Client rejects proposal to capture frame (at #1211).
[11484:5744:0520/113051.677:VERBOSE1:video_capture_oracle.cc(250)] Client rejects proposal to capture frame (at #1213).
[11484:5744:0520/113051.693:VERBOSE1:video_capture_oracle.cc(250)] Client rejects proposal to capture frame (at #1213).
[11484:5744:0520/113051.710:VERBOSE1:video_capture_oracle.cc(250)] Client rejects proposal to capture frame (at #1213).
[11484:5744:0520/113051.777:VERBOSE1:video_capture_oracle.cc(250)] Client rejects proposal to capture frame (at #1216).
[11484:5744:0520/113051.844:VERBOSE1:video_capture_oracle.cc(250)] Client rejects proposal to capture frame (at #1219).
[11484:5744:0520/113051.910:VERBOSE1:video_capture_oracle.cc(250)] Client rejects proposal to capture frame (at #1222).
[11484:5744:0520/113051.927:VERBOSE1:video_capture_oracle.cc(250)] Client rejects proposal to capture frame (at #1222).
[11484:5744:0520/113051.977:VERBOSE1:video_capture_oracle.cc(250)] Client rejects proposal to capture frame (at #1224).
[11484:5744:0520/113051.993:VERBOSE1:video_capture_oracle.cc(250)] Client rejects proposal to capture frame (at #1224).
[11484:5744:0520/113052.060:VERBOSE1:video_capture_oracle.cc(250)] Client rejects proposal to capture frame (at #1227).
[11484:5744:0520/113052.078:VERBOSE1:video_capture_oracle.cc(250)] Client rejects proposal to capture frame (at #1227).
[11484:5744:0520/113052.093:VERBOSE1:video_capture_oracle.cc(250)] Client rejects proposal to capture frame (at #1227).
[11484:5744:0520/113052.111:VERBOSE1:video_capture_oracle.cc(250)] Client rejects proposal to capture frame (at #1227).
[11484:5744:0520/113052.126:VERBOSE1:video_capture_oracle.cc(250)] Client rejects proposal to capture frame (at #1227).
[11484:5744:0520/113052.145:VERBOSE1:video_capture_oracle.cc(250)] Client rejects proposal to capture frame (at #1227).
[11484:5744:0520/113052.161:VERBOSE1:video_capture_oracle.cc(250)] Client rejects proposal to capture frame (at #1227).
[11484:5744:0520/113052.176:VERBOSE1:video_capture_oracle.cc(250)] Client rejects proposal to capture frame (at #1227).
[11484:5744:0520/113052.193:VERBOSE1:video_capture_oracle.cc(250)] Client rejects proposal to capture frame (at #1227).
[11484:5744:0520/113052.211:VERBOSE1:video_capture_oracle.cc(250)] Client rejects proposal to capture frame (at #1227).
[11484:5744:0520/113052.227:VERBOSE1:video_capture_oracle.cc(250)] Client rejects proposal to capture frame (at #1227).
[11484:5744:0520/113052.244:VERBOSE1:video_capture_oracle.cc(250)] Client rejects proposal to capture frame (at #1227).
[11484:5744:0520/113052.260:VERBOSE1:video_capture_oracle.cc(250)] Client rejects proposal to capture frame (at #1227).
[11484:5744:0520/113052.279:VERBOSE1:video_capture_oracle.cc(250)] Client rejects proposal to capture frame (at #1227).
[11484:5744:0520/113052.293:VERBOSE1:video_capture_oracle.cc(250)] Client rejects proposal to capture frame (at #1227).
[11484:5744:0520/113052.310:VERBOSE1:video_capture_oracle.cc(250)] Client rejects proposal to capture frame (at #1227).
[11484:5744:0520/113052.328:VERBOSE1:video_capture_oracle.cc(250)] Client rejects proposal to capture frame (at #1227).
[11484:5744:0520/113052.344:VERBOSE1:video_capture_oracle.cc(250)] Client rejects proposal to capture frame (at #1227).
[11484:5744:0520/113052.443:VERBOSE1:video_capture_oracle.cc(250)] Client rejects proposal to capture frame (at #1232).
[11484:5744:0520/113052.461:VERBOSE1:video_capture_oracle.cc(250)] Client rejects proposal to capture frame (at #1232).
[11484:5744:0520/113052.477:VERBOSE1:video_capture_oracle.cc(250)] Client rejects proposal to capture frame (at #1232).
[11484:5744:0520/113052.511:VERBOSE1:video_capture_oracle.cc(250)] Client rejects proposal to capture frame (at #1233).
[11484:5744:0520/113052.527:VERBOSE1:video_capture_oracle.cc(250)] Client rejects proposal to capture frame (at #1233).
[11484:5744:0520/113052.543:VERBOSE1:video_capture_oracle.cc(250)] Client rejects proposal to capture frame (at #1233).
[11484:5744:0520/113052.560:VERBOSE1:video_capture_oracle.cc(250)] Client rejects proposal to capture frame (at #1233).
[11484:5744:0520/113052.610:VERBOSE1:video_capture_oracle.cc(250)] Client rejects proposal to capture frame (at #1235).
[11484:5744:0520/113052.626:VERBOSE1:video_capture_oracle.cc(250)] Client rejects proposal to capture frame (at #1235).
[11484:5744:0520/113052.643:VERBOSE1:video_capture_oracle.cc(250)] Client rejects proposal to capture frame (at #1235).
[11484:5744:0520/113052.711:VERBOSE1:video_capture_oracle.cc(250)] Client rejects proposal to capture frame (at #1238).
[11484:5744:0520/113052.777:VERBOSE1:video_capture_oracle.cc(250)] Client rejects proposal to capture frame (at #1241).
[11484:5744:0520/113052.843:VERBOSE1:video_capture_oracle.cc(250)] Client rejects proposal to capture frame (at #1244).
[11484:5744:0520/113052.859:VERBOSE1:video_capture_oracle.cc(250)] Client rejects proposal to capture frame (at #1244).
[11484:5744:0520/113052.927:VERBOSE1:video_capture_oracle.cc(250)] Client rejects proposal to capture frame (at #1247).
[11484:5744:0520/113052.993:VERBOSE1:video_capture_oracle.cc(250)] Client rejects proposal to capture frame (at #1250).
[11484:5744:0520/113053.010:VERBOSE1:video_capture_oracle.cc(250)] Client rejects proposal to capture frame (at #1250).
[11484:5744:0520/113053.026:VERBOSE1:video_capture_oracle.cc(250)] Client rejects proposal to capture frame (at #1250).
[11484:5744:0520/113053.043:VERBOSE1:video_capture_oracle.cc(250)] Client rejects proposal to capture frame (at #1250).
[11484:5744:0520/113053.059:VERBOSE1:video_capture_oracle.cc(250)] Client rejects proposal to capture frame (at #1250).
[11484:5744:0520/113054.061:VERBOSE1:video_capture_oracle.cc(250)] Client rejects proposal to capture frame (at #1297).
[11484:5744:0520/113054.079:VERBOSE1:video_capture_oracle.cc(250)] Client rejects proposal to capture frame (at #1297).
[11484:5744:0520/113054.126:VERBOSE1:video_capture_oracle.cc(250)] Client rejects proposal to capture frame (at #1299).
[11484:5744:0520/113054.143:VERBOSE1:video_capture_oracle.cc(250)] Client rejects proposal to capture frame (at #1299).
[11484:5744:0520/113054.161:VERBOSE1:video_capture_oracle.cc(250)] Client rejects proposal to capture frame (at #1299).
[11484:5744:0520/113054.194:VERBOSE1:video_capture_oracle.cc(250)] Client rejects proposal to capture frame (at #1300).
[11484:5744:0520/113054.211:VERBOSE1:video_capture_oracle.cc(250)] Client rejects proposal to capture frame (at #1300).
[11484:5744:0520/113054.227:VERBOSE1:video_capture_oracle.cc(250)] Client rejects proposal to capture frame (at #1300).
[11484:5744:0520/113054.279:VERBOSE1:video_capture_oracle.cc(250)] Client rejects proposal to capture frame (at #1302).
[11484:5744:0520/113054.294:VERBOSE1:video_capture_oracle.cc(250)] Client rejects proposal to capture frame (at #1302).
[11484:5744:0520/113054.310:VERBOSE1:video_capture_oracle.cc(250)] Client rejects proposal to capture frame (at #1302).
[11484:5744:0520/113054.327:VERBOSE1:video_capture_oracle.cc(250)] Client rejects proposal to capture frame (at #1302).
[11484:5744:0520/113054.346:VERBOSE1:video_capture_oracle.cc(250)] Client rejects proposal to capture frame (at #1302).
[11484:5744:0520/113054.412:VERBOSE1:video_capture_oracle.cc(250)] Client rejects proposal to capture frame (at #1305).
[11484:5744:0520/113054.429:VERBOSE1:video_capture_oracle.cc(250)] Client rejects proposal to capture frame (at #1305).
[11484:5744:0520/113054.443:VERBOSE1:video_capture_oracle.cc(250)] Client rejects proposal to capture frame (at #1305).
[11484:5744:0520/113054.480:VERBOSE1:video_capture_oracle.cc(250)] Client rejects proposal to capture frame (at #1306).
[11484:5744:0520/113054.494:VERBOSE1:video_capture_oracle.cc(250)] Client rejects proposal to capture frame (at #1306).
[11484:5744:0520/113054.511:VERBOSE1:video_capture_oracle.cc(250)] Client rejects proposal to capture frame (at #1306).
[11484:5744:0520/113054.579:VERBOSE1:video_capture_oracle.cc(250)] Client rejects proposal to capture frame (at #1309).
[11484:5744:0520/113054.627:VERBOSE1:video_capture_oracle.cc(250)] Client rejects proposal to capture frame (at #1311).
[11484:5744:0520/113054.693:VERBOSE1:video_capture_oracle.cc(250)] Client rejects proposal to capture frame (at #1314).
[11484:5744:0520/113054.710:VERBOSE1:video_capture_oracle.cc(250)] Client rejects proposal to capture frame (at #1314).
[11484:5744:0520/113054.779:VERBOSE1:video_capture_oracle.cc(250)] Client rejects proposal to capture frame (at #1317).
[11484:5744:0520/113054.793:VERBOSE1:video_capture_oracle.cc(250)] Client rejects proposal to capture frame (at #1317).
[11484:5744:0520/113054.860:VERBOSE1:video_capture_oracle.cc(250)] Client rejects proposal to capture frame (at #1320).
[11484:5744:0520/113054.928:VERBOSE1:video_capture_oracle.cc(250)] Client rejects proposal to capture frame (at #1323).
[11484:5744:0520/113055.077:VERBOSE1:video_capture_oracle.cc(250)] Client rejects proposal to capture frame (at #1329).
[11484:5744:0520/113055.127:VERBOSE1:video_capture_oracle.cc(250)] Client rejects proposal to capture frame (at #1331).
[11484:5744:0520/113055.145:VERBOSE1:video_capture_oracle.cc(250)] Client rejects proposal to capture frame (at #1331).
[11484:5744:0520/113055.210:VERBOSE1:video_capture_oracle.cc(250)] Client rejects proposal to capture frame (at #1334).
[11484:5744:0520/113055.277:VERBOSE1:video_capture_oracle.cc(250)] Client rejects proposal to capture frame (at #1337).
[11484:5744:0520/113055.294:VERBOSE1:video_capture_oracle.cc(250)] Client rejects proposal to capture frame (at #1337).
[11484:5744:0520/113055.362:VERBOSE1:video_capture_oracle.cc(250)] Client rejects proposal to capture frame (at #1340).
[11484:5744:0520/113055.444:VERBOSE1:video_capture_oracle.cc(250)] Client rejects proposal to capture frame (at #1344).
[11484:5744:0520/113055.510:VERBOSE1:video_capture_oracle.cc(250)] Client rejects proposal to capture frame (at #1347).
[11484:5744:0520/113055.577:VERBOSE1:video_capture_oracle.cc(250)] Client rejects proposal to capture frame (at #1350).
[11484:5744:0520/113055.593:VERBOSE1:video_capture_oracle.cc(250)] Client rejects proposal to capture frame (at #1350).
[11484:5744:0520/113055.926:VERBOSE1:video_capture_oracle.cc(250)] Client rejects proposal to capture frame (at #1365).
[11484:5744:0520/113055.944:VERBOSE1:video_capture_oracle.cc(250)] Client rejects proposal to capture frame (at #1365).
[11484:5744:0520/113056.010:VERBOSE1:video_capture_oracle.cc(250)] Client rejects proposal to capture frame (at #1368).
[11484:5744:0520/113214.204:VERBOSE1:video_capture_oracle.cc(91)] Capture size auto-throttling is now enabled.
[11484:5744:0520/113214.204:VERBOSE1:video_capture_oracle.cc(120)] Capture size auto-throttling is now disabled.
[11484:5744:0520/113214.204:VERBOSE1:capture_resolution_chooser.cc(205)] Recomputed snapped frame sizes: 2x2
[11484:5744:0520/113214.204:VERBOSE1:capture_resolution_chooser.cc(157)] Recomputed capture size from 640x360 to 2x2 (100% of ideal size)
[11484:5744:0520/113214.402:VERBOSE1:capture_resolution_chooser.cc(205)] Recomputed snapped frame sizes: 2x2
[11484:5744:0520/113214.503:VERBOSE1:capture_resolution_chooser.cc(205)] Recomputed snapped frame sizes: 1515x866
[11484:5744:0520/113214.503:VERBOSE1:capture_resolution_chooser.cc(157)] Recomputed capture size from 2x2 to 1515x866 (100% of ideal size)
[11484:5744:0520/113214.503:VERBOSE1:capture_resolution_chooser.cc(205)] Recomputed snapped frame sizes: 1515x866
[11484:5744:0520/113216.513:VERBOSE1:video_capture_oracle.cc(91)] Capture size auto-throttling is now enabled.
[11484:5744:0520/113216.513:VERBOSE1:video_capture_oracle.cc(120)] Capture size auto-throttling is now disabled.
[11484:5744:0520/113216.513:VERBOSE1:capture_resolution_chooser.cc(205)] Recomputed snapped frame sizes: 1515x866
[11484:5744:0520/113216.513:VERBOSE1:capture_resolution_chooser.cc(157)] Recomputed capture size from 640x360 to 1515x866 (100% of ideal size)
[18232:1756:0520/113216.513:WARNING:frame_impl.cc(430)] virtual CefFrameImpl::SendProcessMessage sent to detached frame 10-1CA286972BA3B879C53D581E128668EE will be ignored
[11484:5744:0520/113217.065:VERBOSE1:capture_resolution_chooser.cc(205)] Recomputed snapped frame sizes: 1515x866
[11484:5744:0520/113231.348:VERBOSE1:video_capture_oracle.cc(250)] Client rejects proposal to capture frame (at #217).
[11484:5744:0520/113231.421:VERBOSE1:video_capture_oracle.cc(250)] Client rejects proposal to capture frame (at #220).
[11484:5744:0520/113231.786:VERBOSE1:video_capture_oracle.cc(250)] Client rejects proposal to capture frame (at #232).
[11484:5744:0520/113231.849:VERBOSE1:video_capture_oracle.cc(250)] Client rejects proposal to capture frame (at #235).
[11484:5744:0520/113335.762:VERBOSE1:video_capture_oracle.cc(250)] Client rejects proposal to capture frame (at #920).
[11484:5744:0520/113335.833:VERBOSE1:video_capture_oracle.cc(250)] Client rejects proposal to capture frame (at #923).
[11484:5744:0520/113335.911:VERBOSE1:video_capture_oracle.cc(250)] Client rejects proposal to capture frame (at #926).
[11484:5744:0520/113335.913:VERBOSE1:video_capture_oracle.cc(250)] Client rejects proposal to capture frame (at #926).
[11484:5744:0520/113335.931:VERBOSE1:video_capture_oracle.cc(250)] Client rejects proposal to capture frame (at #926).
[11484:5744:0520/113335.979:VERBOSE1:video_capture_oracle.cc(250)] Client rejects proposal to capture frame (at #928).
[11484:5744:0520/113335.997:VERBOSE1:video_capture_oracle.cc(250)] Client rejects proposal to capture frame (at #928).
[11484:5744:0520/113336.011:VERBOSE1:video_capture_oracle.cc(250)] Client rejects proposal to capture frame (at #928).
[11484:5744:0520/114544.470:VERBOSE1:video_capture_oracle.cc(91)] Capture size auto-throttling is now enabled.
[11484:5744:0520/114544.470:VERBOSE1:video_capture_oracle.cc(120)] Capture size auto-throttling is now disabled.
[11484:5744:0520/114544.470:VERBOSE1:capture_resolution_chooser.cc(205)] Recomputed snapped frame sizes: 2x2
[11484:5744:0520/114544.470:VERBOSE1:capture_resolution_chooser.cc(157)] Recomputed capture size from 640x360 to 2x2 (100% of ideal size)
[11484:23312:0520/114544.539:ERROR:shared_image_manager.cc(224)] SharedImageManager::ProduceSkia: Trying to Produce a Skia representation from a non-existent mailbox.
[11484:5744:0520/114545.023:VERBOSE1:capture_resolution_chooser.cc(205)] Recomputed snapped frame sizes: 2x2
[11484:5744:0520/114553.111:VERBOSE1:video_capture_oracle.cc(91)] Capture size auto-throttling is now enabled.
[11484:5744:0520/114553.111:VERBOSE1:video_capture_oracle.cc(120)] Capture size auto-throttling is now disabled.
[11484:5744:0520/114553.111:VERBOSE1:capture_resolution_chooser.cc(205)] Recomputed snapped frame sizes: 2x2
[11484:5744:0520/114553.111:VERBOSE1:capture_resolution_chooser.cc(157)] Recomputed capture size from 640x360 to 2x2 (100% of ideal size)
[11484:23312:0520/114553.179:ERROR:shared_image_manager.cc(224)] SharedImageManager::ProduceSkia: Trying to Produce a Skia representation from a non-existent mailbox.
[11484:5744:0520/114553.630:VERBOSE1:capture_resolution_chooser.cc(205)] Recomputed snapped frame sizes: 2x2
[19324:13196:0520/114606.250:WARNING:pref_notifier_impl.cc(41)] Pref observer for media_router.cast_allow_all_ips found at shutdown.
